{"uid":"444b415fc7f5e838","name":"CheckoutWithInValidFirstName_LessThan3Chars_Tc","fullName":"com.swagLabs.tests.FirstCheckoutTests.CheckoutWithInValidFirstName_LessThan3Chars_Tc","historyId":"a79d51fa61cf167ae3a213741414c366","time":{"start":1765470234134,"stop":1765470234816,"duration":682},"description":"Verify Checkout with First Name Less Than 3 Characters with valid other data","descriptionHtml":"<p>Verify Checkout with First Name Less Than 3 Characters with valid other data</p>\n","status":"failed","statusMessage":"error message should appear! This field Can`t be less than 3 characters or more Than 30 Characters","statusTrace":"java.lang.AssertionError: error message should appear! This field Can`t be less than 3 characters or more Than 30 Characters\r\n\tat org.testng.Assert.fail(Assert.java:111)\r\n\tat com.swagLabs.pages.FirstCheckoutPage.VerifyTheVisibilityofErrorMessage(FirstCheckoutPage.java:93)\r\n\tat com.swagLabs.tests.FirstCheckoutTests.CheckoutWithInValidFirstName_LessThan3Chars_Tc(FirstCheckoutTests.java:40)\r\n\tat java.base/jdk.internal.reflect.DirectMethodHandleAccessor.invoke(DirectMethodHandleAccessor.java:103)\r\n\tat java.base/java.lang.reflect.Method.invoke(Method.java:580)\r\n\tat org.testng.internal.invokers.MethodInvocationHelper.invokeMethod(MethodInvocationHelper.java:141)\r\n\tat org.testng.internal.invokers.TestInvoker.invokeMethod(TestInvoker.java:687)\r\n\tat org.testng.internal.invokers.TestInvoker.invokeTestMethod(TestInvoker.java:230)\r\n\tat org.testng.internal.invokers.MethodRunner.runInSequence(MethodRunner.java:63)\r\n\tat org.testng.internal.invokers.TestInvoker$MethodInvocationAgent.invoke(TestInvoker.java:995)\r\n\tat org.testng.internal.invokers.TestInvoker.invokeTestMethods(TestInvoker.java:203)\r\n\tat org.testng.internal.invokers.TestMethodWorker.invokeTestMethods(TestMethodWorker.java:154)\r\n\tat org.testng.internal.invokers.TestMethodWorker.run(TestMethodWorker.java:134)\r\n\tat java.base/java.util.ArrayList.forEach(ArrayList.java:1596)\r\n\tat org.testng.TestRunner.privateRun(TestRunner.java:741)\r\n\tat org.testng.TestRunner.run(TestRunner.java:616)\r\n\tat org.testng.SuiteRunner.runTest(SuiteRunner.java:421)\r\n\tat org.testng.SuiteRunner.runSequentially(SuiteRunner.java:413)\r\n\tat org.testng.SuiteRunner.privateRun(SuiteRunner.java:373)\r\n\tat org.testng.SuiteRunner.run(SuiteRunner.java:312)\r\n\tat org.testng.SuiteRunnerWorker.runSuite(SuiteRunnerWorker.java:52)\r\n\tat org.testng.SuiteRunnerWorker.run(SuiteRunnerWorker.java:95)\r\n\tat org.testng.TestNG.runSuitesSequentially(TestNG.java:1274)\r\n\tat org.testng.TestNG.runSuitesLocally(TestNG.java:1208)\r\n\tat org.testng.TestNG.runSuites(TestNG.java:1112)\r\n\tat org.testng.TestNG.run(TestNG.java:1079)\r\n\tat com.intellij.rt.testng.IDEARemoteTestNG.run(IDEARemoteTestNG.java:65)\r\n\tat com.intellij.rt.testng.RemoteTestNGStarter.main(RemoteTestNGStarter.java:105)\r\n","flaky":false,"newFailed":false,"newBroken":false,"newPassed":false,"retriesCount":0,"retriesStatusChange":false,"beforeStages":[{"name":"preconditions","time":{"start":1765470231606,"stop":1765470234131,"duration":2525},"description":"","status":"passed","steps":[{"name":"Setting up preconditions and Checkout Test data","time":{"start":1765470231606,"stop":1765470234130,"duration":2524},"status":"passed","steps":[{"name":"Navigate to Login page","time":{"start":1765470232359,"stop":1765470233031,"duration":672},"status":"passed","steps":[],"attachments":[],"parameters":[],"hasContent":false,"stepsCount":0,"attachmentStep":false,"attachmentsCount":0,"shouldDisplayMessage":false},{"name":"Enter username","time":{"start":1765470233031,"stop":1765470233156,"duration":125},"status":"passed","steps":[],"attachments":[],"parameters":[{"name":"username","value":"standard_user"}],"hasContent":true,"stepsCount":0,"attachmentStep":false,"attachmentsCount":0,"shouldDisplayMessage":false},{"name":"Enter password","time":{"start":1765470233157,"stop":1765470233262,"duration":105},"status":"passed","steps":[],"attachments":[],"parameters":[{"name":"password","value":"secret_sauce"}],"hasContent":true,"stepsCount":0,"attachmentStep":false,"attachmentsCount":0,"shouldDisplayMessage":false},{"name":"Click on login button","time":{"start":1765470233262,"stop":1765470233601,"duration":339},"status":"passed","steps":[],"attachments":[],"parameters":[],"hasContent":false,"stepsCount":0,"attachmentStep":false,"attachmentsCount":0,"shouldDisplayMessage":false},{"name":"Click on add to cart button for product: Sauce Labs Backpack","time":{"start":1765470233602,"stop":1765470233690,"duration":88},"status":"passed","steps":[],"attachments":[],"parameters":[{"name":"productName","value":"Sauce Labs Backpack"}],"hasContent":true,"stepsCount":0,"attachmentStep":false,"attachmentsCount":0,"shouldDisplayMessage":false},{"name":"Scroll to Sauce Labs Fleece Jacket","time":{"start":1765470233690,"stop":1765470233711,"duration":21},"status":"passed","steps":[],"attachments":[],"parameters":[{"name":"productName","value":"Sauce Labs Fleece Jacket"}],"hasContent":true,"stepsCount":0,"attachmentStep":false,"attachmentsCount":0,"shouldDisplayMessage":false},{"name":"Click on add to cart button for product: Sauce Labs Fleece Jacket","time":{"start":1765470233711,"stop":1765470233799,"duration":88},"status":"passed","steps":[],"attachments":[],"parameters":[{"name":"productName","value":"Sauce Labs Fleece Jacket"}],"hasContent":true,"stepsCount":0,"attachmentStep":false,"attachmentsCount":0,"shouldDisplayMessage":false},{"name":"Scroll to Test.allTheThings() T-Shirt (Red)","time":{"start":1765470233800,"stop":1765470233819,"duration":19},"status":"passed","steps":[],"attachments":[],"parameters":[{"name":"productName","value":"Test.allTheThings() T-Shirt (Red)"}],"hasContent":true,"stepsCount":0,"attachmentStep":false,"attachmentsCount":0,"shouldDisplayMessage":false},{"name":"Click on add to cart button for product: Test.allTheThings() T-Shirt (Red)","time":{"start":1765470233819,"stop":1765470233910,"duration":91},"status":"passed","steps":[],"attachments":[],"parameters":[{"name":"productName","value":"Test.allTheThings() T-Shirt (Red)"}],"hasContent":true,"stepsCount":0,"attachmentStep":false,"attachmentsCount":0,"shouldDisplayMessage":false},{"name":"navigate To Cart Page","time":{"start":1765470233910,"stop":1765470234008,"duration":98},"status":"passed","steps":[{"name":"Click on cart badge","time":{"start":1765470233910,"stop":1765470234008,"duration":98},"status":"passed","steps":[],"attachments":[],"parameters":[],"hasContent":false,"stepsCount":0,"attachmentStep":false,"attachmentsCount":0,"shouldDisplayMessage":false}],"attachments":[],"parameters":[],"hasContent":true,"stepsCount":1,"attachmentStep":false,"attachmentsCount":0,"shouldDisplayMessage":false},{"name":"Click on Checkout","time":{"start":1765470234009,"stop":1765470234130,"duration":121},"status":"passed","steps":[],"attachments":[],"parameters":[],"hasContent":false,"stepsCount":0,"attachmentStep":false,"attachmentsCount":0,"shouldDisplayMessage":false}],"attachments":[],"parameters":[],"hasContent":true,"stepsCount":12,"attachmentStep":false,"attachmentsCount":0,"shouldDisplayMessage":false}],"attachments":[],"parameters":[],"hasContent":true,"stepsCount":13,"attachmentStep":false,"attachmentsCount":0,"shouldDisplayMessage":false}],"testStage":{"description":"Verify Checkout with First Name Less Than 3 Characters with valid other data","status":"failed","statusMessage":"error message should appear! This field Can`t be less than 3 characters or more Than 30 Characters","statusTrace":"java.lang.AssertionError: error message should appear! This field Can`t be less than 3 characters or more Than 30 Characters\r\n\tat org.testng.Assert.fail(Assert.java:111)\r\n\tat com.swagLabs.pages.FirstCheckoutPage.VerifyTheVisibilityofErrorMessage(FirstCheckoutPage.java:93)\r\n\tat com.swagLabs.tests.FirstCheckoutTests.CheckoutWithInValidFirstName_LessThan3Chars_Tc(FirstCheckoutTests.java:40)\r\n\tat java.base/jdk.internal.reflect.DirectMethodHandleAccessor.invoke(DirectMethodHandleAccessor.java:103)\r\n\tat java.base/java.lang.reflect.Method.invoke(Method.java:580)\r\n\tat org.testng.internal.invokers.MethodInvocationHelper.invokeMethod(MethodInvocationHelper.java:141)\r\n\tat org.testng.internal.invokers.TestInvoker.invokeMethod(TestInvoker.java:687)\r\n\tat org.testng.internal.invokers.TestInvoker.invokeTestMethod(TestInvoker.java:230)\r\n\tat org.testng.internal.invokers.MethodRunner.runInSequence(MethodRunner.java:63)\r\n\tat org.testng.internal.invokers.TestInvoker$MethodInvocationAgent.invoke(TestInvoker.java:995)\r\n\tat org.testng.internal.invokers.TestInvoker.invokeTestMethods(TestInvoker.java:203)\r\n\tat org.testng.internal.invokers.TestMethodWorker.invokeTestMethods(TestMethodWorker.java:154)\r\n\tat org.testng.internal.invokers.TestMethodWorker.run(TestMethodWorker.java:134)\r\n\tat java.base/java.util.ArrayList.forEach(ArrayList.java:1596)\r\n\tat org.testng.TestRunner.privateRun(TestRunner.java:741)\r\n\tat org.testng.TestRunner.run(TestRunner.java:616)\r\n\tat org.testng.SuiteRunner.runTest(SuiteRunner.java:421)\r\n\tat org.testng.SuiteRunner.runSequentially(SuiteRunner.java:413)\r\n\tat org.testng.SuiteRunner.privateRun(SuiteRunner.java:373)\r\n\tat org.testng.SuiteRunner.run(SuiteRunner.java:312)\r\n\tat org.testng.SuiteRunnerWorker.runSuite(SuiteRunnerWorker.java:52)\r\n\tat org.testng.SuiteRunnerWorker.run(SuiteRunnerWorker.java:95)\r\n\tat org.testng.TestNG.runSuitesSequentially(TestNG.java:1274)\r\n\tat org.testng.TestNG.runSuitesLocally(TestNG.java:1208)\r\n\tat org.testng.TestNG.runSuites(TestNG.java:1112)\r\n\tat org.testng.TestNG.run(TestNG.java:1079)\r\n\tat com.intellij.rt.testng.IDEARemoteTestNG.run(IDEARemoteTestNG.java:65)\r\n\tat com.intellij.rt.testng.RemoteTestNGStarter.main(RemoteTestNGStarter.java:105)\r\n","steps":[{"name":"Enter First Name","time":{"start":1765470234137,"stop":1765470234381,"duration":244},"status":"passed","steps":[],"attachments":[],"parameters":[{"name":"firstname","value":"m"}],"hasContent":true,"stepsCount":0,"attachmentStep":false,"attachmentsCount":0,"shouldDisplayMessage":false},{"name":"Enter Last Name","time":{"start":1765470234381,"stop":1765470234471,"duration":90},"status":"passed","steps":[],"attachments":[],"parameters":[{"name":"lastname","value":"aaaa"}],"hasContent":true,"stepsCount":0,"attachmentStep":false,"attachmentsCount":0,"shouldDisplayMessage":false},{"name":"Enter Zip/Postal code","time":{"start":1765470234471,"stop":1765470234578,"duration":107},"status":"passed","steps":[],"attachments":[],"parameters":[{"name":"postalcode","value":"123456"}],"hasContent":true,"stepsCount":0,"attachmentStep":false,"attachmentsCount":0,"shouldDisplayMessage":false},{"name":"Click on Continue Button","time":{"start":1765470234578,"stop":1765470234718,"duration":140},"status":"passed","steps":[],"attachments":[],"parameters":[],"hasContent":false,"stepsCount":0,"attachmentStep":false,"attachmentsCount":0,"shouldDisplayMessage":false},{"name":"Verify error message is visible","time":{"start":1765470234718,"stop":1765470234742,"duration":24},"status":"failed","statusMessage":"error message should appear! This field Can`t be less than 3 characters or more Than 30 Characters","statusTrace":"java.lang.AssertionError: error message should appear! This field Can`t be less than 3 characters or more Than 30 Characters\r\n\tat org.testng.Assert.fail(Assert.java:111)\r\n\tat com.swagLabs.pages.FirstCheckoutPage.VerifyTheVisibilityofErrorMessage(FirstCheckoutPage.java:93)\r\n\tat com.swagLabs.tests.FirstCheckoutTests.CheckoutWithInValidFirstName_LessThan3Chars_Tc(FirstCheckoutTests.java:40)\r\n\tat java.base/jdk.internal.reflect.DirectMethodHandleAccessor.invoke(DirectMethodHandleAccessor.java:103)\r\n\tat java.base/java.lang.reflect.Method.invoke(Method.java:580)\r\n\tat org.testng.internal.invokers.MethodInvocationHelper.invokeMethod(MethodInvocationHelper.java:141)\r\n\tat org.testng.internal.invokers.TestInvoker.invokeMethod(TestInvoker.java:687)\r\n\tat org.testng.internal.invokers.TestInvoker.invokeTestMethod(TestInvoker.java:230)\r\n\tat org.testng.internal.invokers.MethodRunner.runInSequence(MethodRunner.java:63)\r\n\tat org.testng.internal.invokers.TestInvoker$MethodInvocationAgent.invoke(TestInvoker.java:995)\r\n\tat org.testng.internal.invokers.TestInvoker.invokeTestMethods(TestInvoker.java:203)\r\n\tat org.testng.internal.invokers.TestMethodWorker.invokeTestMethods(TestMethodWorker.java:154)\r\n\tat org.testng.internal.invokers.TestMethodWorker.run(TestMethodWorker.java:134)\r\n\tat java.base/java.util.ArrayList.forEach(ArrayList.java:1596)\r\n\tat org.testng.TestRunner.privateRun(TestRunner.java:741)\r\n\tat org.testng.TestRunner.run(TestRunner.java:616)\r\n\tat org.testng.SuiteRunner.runTest(SuiteRunner.java:421)\r\n\tat org.testng.SuiteRunner.runSequentially(SuiteRunner.java:413)\r\n\tat org.testng.SuiteRunner.privateRun(SuiteRunner.java:373)\r\n\tat org.testng.SuiteRunner.run(SuiteRunner.java:312)\r\n\tat org.testng.SuiteRunnerWorker.runSuite(SuiteRunnerWorker.java:52)\r\n\tat org.testng.SuiteRunnerWorker.run(SuiteRunnerWorker.java:95)\r\n\tat org.testng.TestNG.runSuitesSequentially(TestNG.java:1274)\r\n\tat org.testng.TestNG.runSuitesLocally(TestNG.java:1208)\r\n\tat org.testng.TestNG.runSuites(TestNG.java:1112)\r\n\tat org.testng.TestNG.run(TestNG.java:1079)\r\n\tat com.intellij.rt.testng.IDEARemoteTestNG.run(IDEARemoteTestNG.java:65)\r\n\tat com.intellij.rt.testng.RemoteTestNGStarter.main(RemoteTestNGStarter.java:105)\r\n","steps":[],"attachments":[],"parameters":[],"hasContent":true,"stepsCount":0,"attachmentStep":false,"attachmentsCount":0,"shouldDisplayMessage":true}],"attachments":[{"uid":"eb10bb4dcd9ebe9c","name":"failed-CheckoutWithInValidFirstName_LessThan3Chars_Tc","source":"eb10bb4dcd9ebe9cpng","type":"image/png","size":43092},{"uid":"7e2aa80d9090a638","name":"logs.log","source":"7e2aa80d9090a638.txt","type":"text/plain","size":85248}],"parameters":[],"hasContent":true,"stepsCount":5,"attachmentStep":false,"attachmentsCount":2,"shouldDisplayMessage":false},"afterStages":[{"name":"tearDown","time":{"start":1765470234888,"stop":1765470235006,"duration":118},"description":"","status":"passed","steps":[{"name":"Tearing down the driver","time":{"start":1765470234888,"stop":1765470235006,"duration":118},"status":"passed","steps":[],"attachments":[],"parameters":[],"hasContent":false,"stepsCount":0,"attachmentStep":false,"attachmentsCount":0,"shouldDisplayMessage":false}],"attachments":[],"parameters":[],"hasContent":true,"stepsCount":1,"attachmentStep":false,"attachmentsCount":0,"shouldDisplayMessage":false}],"labels":[{"name":"package","value":"com.swagLabs.tests.FirstCheckoutTests"},{"name":"testClass","value":"com.swagLabs.tests.FirstCheckoutTests"},{"name":"testMethod","value":"CheckoutWithInValidFirstName_LessThan3Chars_Tc"},{"name":"parentSuite","value":"General Framework Suite"},{"name":"suite","value":"Invalid Scenarios"},{"name":"subSuite","value":"com.swagLabs.tests.FirstCheckoutTests"},{"name":"host","value":"DESKTOP-3HQ2C4U"},{"name":"thread","value":"17728@DESKTOP-3HQ2C4U.main(1)"},{"name":"framework","value":"testng"},{"name":"language","value":"java"},{"name":"feature","value":"UI User Management"},{"name":"owner","value":"Fatma Eltahan and Mahmoud Amir"},{"name":"epic","value":"Swag lab"},{"name":"story","value":"User Login"},{"name":"severity","value":"critical"},{"name":"resultFormat","value":"allure2"}],"parameters":[],"links":[],"hidden":false,"retry":false,"extra":{"severity":"critical","owner":"Fatma Eltahan and Mahmoud Amir","retries":[],"categories":[{"name":"Product defects","matchedStatuses":[]}],"history":{"statistic":{"failed":4,"broken":0,"skipped":1,"passed":0,"unknown":0,"total":5},"items":[{"uid":"2f23c853d1b6d5ca","status":"failed","statusDetails":"error message should appear! This field Can`t be less than 3 characters or more Than 30 Characters","time":{"start":1765319823416,"stop":1765319823916,"duration":500}},{"uid":"8107823a1496fc99","status":"failed","statusDetails":"error message should appear! This field Can`t be less than 3 characters or more Than 30 Characters","time":{"start":1765315210064,"stop":1765315210632,"duration":568}},{"uid":"f5bbdde1af3e1615","status":"skipped","statusDetails":"unknown error: net::ERR_NAME_NOT_RESOLVED\n  (Session info: MicrosoftEdge=143.0.3650.66)\nBuild info: version: '4.37.0', revision: '3c1da1e342'\nSystem info: os.name: 'Windows 10', os.arch: 'amd64', os.version: '10.0', java.version: '21.0.8'\nDriver info: org.openqa.selenium.edge.EdgeDriver\nCommand: [3209821e7a23d69bc0a54457ca434c16, get {url=https://www.saucedemo.com/}]\nCapabilities {acceptInsecureCerts: true, browserName: MicrosoftEdge, browserVersion: 143.0.3650.66, fedcm:accounts: true, goog:processID: 16048, ms:edgeOptions: {debuggerAddress: localhost:10232}, msedge: {msedgedriverVersion: 143.0.3650.66 (507b0dd34c3d..., userDataDir: C:\\Users\\Dell\\AppData\\Local...}, networkConnectionEnabled: false, pageLoadStrategy: eager, platformName: windows, proxy: Proxy(), se:cdp: ws://localhost:10232/devtoo..., se:cdpVersion: 143.0.3650.66, setWindowRect: true, strictFileInteractability: false, timeouts: {implicit: 0, pageLoad: 300000, script: 30000}, unhandledPromptBehavior: dismiss and notify, webauthn:extension:credBlob: true, webauthn:extension:largeBlob: true, webauthn:extension:minPinLength: true, webauthn:extension:prf: true, webauthn:virtualAuthenticators: true}\nSession ID: 3209821e7a23d69bc0a54457ca434c16","time":{"start":1765314946037,"stop":1765314946202,"duration":165}},{"uid":"8eb328e4afb546b0","status":"failed","statusDetails":"error message should appear! This field Can`t be less than 3 characters or more Than 30 Characters","time":{"start":1765299564705,"stop":1765299565610,"duration":905}}]},"tags":[]},"source":"444b415fc7f5e838.json","parameterValues":[]}