{"uid":"880d948024a6eb43","name":"CheckoutWithInValidLastName_LessThan3Chars_Tc","fullName":"com.swagLabs.tests.FirstCheckoutTests.CheckoutWithInValidLastName_LessThan3Chars_Tc","historyId":"879e9ce849d999a7f4332ddab51fb0a3","time":{"start":1765470238288,"stop":1765470238838,"duration":550},"description":"Verify Checkout with Last Name Less Than 3 Characters with valid other data","descriptionHtml":"<p>Verify Checkout with Last Name Less Than 3 Characters with valid other data</p>\n","status":"failed","statusMessage":"error message should appear! This field Can`t be less than 3 characters or more Than 30 Characters","statusTrace":"java.lang.AssertionError: error message should appear! This field Can`t be less than 3 characters or more Than 30 Characters\r\n\tat org.testng.Assert.fail(Assert.java:111)\r\n\tat com.swagLabs.pages.FirstCheckoutPage.VerifyTheVisibilityofErrorMessage(FirstCheckoutPage.java:93)\r\n\tat com.swagLabs.tests.FirstCheckoutTests.CheckoutWithInValidLastName_LessThan3Chars_Tc(FirstCheckoutTests.java:72)\r\n\tat java.base/jdk.internal.reflect.DirectMethodHandleAccessor.invoke(DirectMethodHandleAccessor.java:103)\r\n\tat java.base/java.lang.reflect.Method.invoke(Method.java:580)\r\n\tat org.testng.internal.invokers.MethodInvocationHelper.invokeMethod(MethodInvocationHelper.java:141)\r\n\tat org.testng.internal.invokers.TestInvoker.invokeMethod(TestInvoker.java:687)\r\n\tat org.testng.internal.invokers.TestInvoker.invokeTestMethod(TestInvoker.java:230)\r\n\tat org.testng.internal.invokers.MethodRunner.runInSequence(MethodRunner.java:63)\r\n\tat org.testng.internal.invokers.TestInvoker$MethodInvocationAgent.invoke(TestInvoker.java:995)\r\n\tat org.testng.internal.invokers.TestInvoker.invokeTestMethods(TestInvoker.java:203)\r\n\tat org.testng.internal.invokers.TestMethodWorker.invokeTestMethods(TestMethodWorker.java:154)\r\n\tat org.testng.internal.invokers.TestMethodWorker.run(TestMethodWorker.java:134)\r\n\tat java.base/java.util.ArrayList.forEach(ArrayList.java:1596)\r\n\tat org.testng.TestRunner.privateRun(TestRunner.java:741)\r\n\tat org.testng.TestRunner.run(TestRunner.java:616)\r\n\tat org.testng.SuiteRunner.runTest(SuiteRunner.java:421)\r\n\tat org.testng.SuiteRunner.runSequentially(SuiteRunner.java:413)\r\n\tat org.testng.SuiteRunner.privateRun(SuiteRunner.java:373)\r\n\tat org.testng.SuiteRunner.run(SuiteRunner.java:312)\r\n\tat org.testng.SuiteRunnerWorker.runSuite(SuiteRunnerWorker.java:52)\r\n\tat org.testng.SuiteRunnerWorker.run(SuiteRunnerWorker.java:95)\r\n\tat org.testng.TestNG.runSuitesSequentially(TestNG.java:1274)\r\n\tat org.testng.TestNG.runSuitesLocally(TestNG.java:1208)\r\n\tat org.testng.TestNG.runSuites(TestNG.java:1112)\r\n\tat org.testng.TestNG.run(TestNG.java:1079)\r\n\tat com.intellij.rt.testng.IDEARemoteTestNG.run(IDEARemoteTestNG.java:65)\r\n\tat com.intellij.rt.testng.RemoteTestNGStarter.main(RemoteTestNGStarter.java:105)\r\n","flaky":false,"newFailed":false,"newBroken":false,"newPassed":false,"retriesCount":0,"retriesStatusChange":false,"beforeStages":[{"name":"preconditions","time":{"start":1765470235008,"stop":1765470238285,"duration":3277},"description":"","status":"passed","steps":[{"name":"Setting up preconditions and Checkout Test data","time":{"start":1765470235009,"stop":1765470238285,"duration":3276},"status":"passed","steps":[{"name":"Navigate to Login page","time":{"start":1765470235993,"stop":1765470237283,"duration":1290},"status":"passed","steps":[],"attachments":[],"parameters":[],"hasContent":false,"stepsCount":0,"attachmentStep":false,"attachmentsCount":0,"shouldDisplayMessage":false},{"name":"Enter username","time":{"start":1765470237283,"stop":1765470237411,"duration":128},"status":"passed","steps":[],"attachments":[],"parameters":[{"name":"username","value":"standard_user"}],"hasContent":true,"stepsCount":0,"attachmentStep":false,"attachmentsCount":0,"shouldDisplayMessage":false},{"name":"Enter password","time":{"start":1765470237412,"stop":1765470237628,"duration":216},"status":"passed","steps":[],"attachments":[],"parameters":[{"name":"password","value":"secret_sauce"}],"hasContent":true,"stepsCount":0,"attachmentStep":false,"attachmentsCount":0,"shouldDisplayMessage":false},{"name":"Click on login button","time":{"start":1765470237628,"stop":1765470237779,"duration":151},"status":"passed","steps":[],"attachments":[],"parameters":[],"hasContent":false,"stepsCount":0,"attachmentStep":false,"attachmentsCount":0,"shouldDisplayMessage":false},{"name":"Click on add to cart button for product: Sauce Labs Backpack","time":{"start":1765470237779,"stop":1765470237865,"duration":86},"status":"passed","steps":[],"attachments":[],"parameters":[{"name":"productName","value":"Sauce Labs Backpack"}],"hasContent":true,"stepsCount":0,"attachmentStep":false,"attachmentsCount":0,"shouldDisplayMessage":false},{"name":"Scroll to Sauce Labs Fleece Jacket","time":{"start":1765470237865,"stop":1765470237892,"duration":27},"status":"passed","steps":[],"attachments":[],"parameters":[{"name":"productName","value":"Sauce Labs Fleece Jacket"}],"hasContent":true,"stepsCount":0,"attachmentStep":false,"attachmentsCount":0,"shouldDisplayMessage":false},{"name":"Click on add to cart button for product: Sauce Labs Fleece Jacket","time":{"start":1765470237892,"stop":1765470237977,"duration":85},"status":"passed","steps":[],"attachments":[],"parameters":[{"name":"productName","value":"Sauce Labs Fleece Jacket"}],"hasContent":true,"stepsCount":0,"attachmentStep":false,"attachmentsCount":0,"shouldDisplayMessage":false},{"name":"Scroll to Test.allTheThings() T-Shirt (Red)","time":{"start":1765470237977,"stop":1765470237992,"duration":15},"status":"passed","steps":[],"attachments":[],"parameters":[{"name":"productName","value":"Test.allTheThings() T-Shirt (Red)"}],"hasContent":true,"stepsCount":0,"attachmentStep":false,"attachmentsCount":0,"shouldDisplayMessage":false},{"name":"Click on add to cart button for product: Test.allTheThings() T-Shirt (Red)","time":{"start":1765470237992,"stop":1765470238089,"duration":97},"status":"passed","steps":[],"attachments":[],"parameters":[{"name":"productName","value":"Test.allTheThings() T-Shirt (Red)"}],"hasContent":true,"stepsCount":0,"attachmentStep":false,"attachmentsCount":0,"shouldDisplayMessage":false},{"name":"navigate To Cart Page","time":{"start":1765470238089,"stop":1765470238190,"duration":101},"status":"passed","steps":[{"name":"Click on cart badge","time":{"start":1765470238089,"stop":1765470238190,"duration":101},"status":"passed","steps":[],"attachments":[],"parameters":[],"hasContent":false,"stepsCount":0,"attachmentStep":false,"attachmentsCount":0,"shouldDisplayMessage":false}],"attachments":[],"parameters":[],"hasContent":true,"stepsCount":1,"attachmentStep":false,"attachmentsCount":0,"shouldDisplayMessage":false},{"name":"Click on Checkout","time":{"start":1765470238190,"stop":1765470238285,"duration":95},"status":"passed","steps":[],"attachments":[],"parameters":[],"hasContent":false,"stepsCount":0,"attachmentStep":false,"attachmentsCount":0,"shouldDisplayMessage":false}],"attachments":[],"parameters":[],"hasContent":true,"stepsCount":12,"attachmentStep":false,"attachmentsCount":0,"shouldDisplayMessage":false}],"attachments":[],"parameters":[],"hasContent":true,"stepsCount":13,"attachmentStep":false,"attachmentsCount":0,"shouldDisplayMessage":false}],"testStage":{"description":"Verify Checkout with Last Name Less Than 3 Characters with valid other data","status":"failed","statusMessage":"error message should appear! This field Can`t be less than 3 characters or more Than 30 Characters","statusTrace":"java.lang.AssertionError: error message should appear! This field Can`t be less than 3 characters or more Than 30 Characters\r\n\tat org.testng.Assert.fail(Assert.java:111)\r\n\tat com.swagLabs.pages.FirstCheckoutPage.VerifyTheVisibilityofErrorMessage(FirstCheckoutPage.java:93)\r\n\tat com.swagLabs.tests.FirstCheckoutTests.CheckoutWithInValidLastName_LessThan3Chars_Tc(FirstCheckoutTests.java:72)\r\n\tat java.base/jdk.internal.reflect.DirectMethodHandleAccessor.invoke(DirectMethodHandleAccessor.java:103)\r\n\tat java.base/java.lang.reflect.Method.invoke(Method.java:580)\r\n\tat org.testng.internal.invokers.MethodInvocationHelper.invokeMethod(MethodInvocationHelper.java:141)\r\n\tat org.testng.internal.invokers.TestInvoker.invokeMethod(TestInvoker.java:687)\r\n\tat org.testng.internal.invokers.TestInvoker.invokeTestMethod(TestInvoker.java:230)\r\n\tat org.testng.internal.invokers.MethodRunner.runInSequence(MethodRunner.java:63)\r\n\tat org.testng.internal.invokers.TestInvoker$MethodInvocationAgent.invoke(TestInvoker.java:995)\r\n\tat org.testng.internal.invokers.TestInvoker.invokeTestMethods(TestInvoker.java:203)\r\n\tat org.testng.internal.invokers.TestMethodWorker.invokeTestMethods(TestMethodWorker.java:154)\r\n\tat org.testng.internal.invokers.TestMethodWorker.run(TestMethodWorker.java:134)\r\n\tat java.base/java.util.ArrayList.forEach(ArrayList.java:1596)\r\n\tat org.testng.TestRunner.privateRun(TestRunner.java:741)\r\n\tat org.testng.TestRunner.run(TestRunner.java:616)\r\n\tat org.testng.SuiteRunner.runTest(SuiteRunner.java:421)\r\n\tat org.testng.SuiteRunner.runSequentially(SuiteRunner.java:413)\r\n\tat org.testng.SuiteRunner.privateRun(SuiteRunner.java:373)\r\n\tat org.testng.SuiteRunner.run(SuiteRunner.java:312)\r\n\tat org.testng.SuiteRunnerWorker.runSuite(SuiteRunnerWorker.java:52)\r\n\tat org.testng.SuiteRunnerWorker.run(SuiteRunnerWorker.java:95)\r\n\tat org.testng.TestNG.runSuitesSequentially(TestNG.java:1274)\r\n\tat org.testng.TestNG.runSuitesLocally(TestNG.java:1208)\r\n\tat org.testng.TestNG.runSuites(TestNG.java:1112)\r\n\tat org.testng.TestNG.run(TestNG.java:1079)\r\n\tat com.intellij.rt.testng.IDEARemoteTestNG.run(IDEARemoteTestNG.java:65)\r\n\tat com.intellij.rt.testng.RemoteTestNGStarter.main(RemoteTestNGStarter.java:105)\r\n","steps":[{"name":"Enter First Name","time":{"start":1765470238288,"stop":1765470238405,"duration":117},"status":"passed","steps":[],"attachments":[],"parameters":[{"name":"firstname","value":"abcde"}],"hasContent":true,"stepsCount":0,"attachmentStep":false,"attachmentsCount":0,"shouldDisplayMessage":false},{"name":"Enter Last Name","time":{"start":1765470238406,"stop":1765470238491,"duration":85},"status":"passed","steps":[],"attachments":[],"parameters":[{"name":"lastname","value":"n"}],"hasContent":true,"stepsCount":0,"attachmentStep":false,"attachmentsCount":0,"shouldDisplayMessage":false},{"name":"Enter Zip/Postal code","time":{"start":1765470238492,"stop":1765470238609,"duration":117},"status":"passed","steps":[],"attachments":[],"parameters":[{"name":"postalcode","value":"123456"}],"hasContent":true,"stepsCount":0,"attachmentStep":false,"attachmentsCount":0,"shouldDisplayMessage":false},{"name":"Click on Continue Button","time":{"start":1765470238610,"stop":1765470238720,"duration":110},"status":"passed","steps":[],"attachments":[],"parameters":[],"hasContent":false,"stepsCount":0,"attachmentStep":false,"attachmentsCount":0,"shouldDisplayMessage":false},{"name":"Verify error message is visible","time":{"start":1765470238720,"stop":1765470238731,"duration":11},"status":"failed","statusMessage":"error message should appear! This field Can`t be less than 3 characters or more Than 30 Characters","statusTrace":"java.lang.AssertionError: error message should appear! This field Can`t be less than 3 characters or more Than 30 Characters\r\n\tat org.testng.Assert.fail(Assert.java:111)\r\n\tat com.swagLabs.pages.FirstCheckoutPage.VerifyTheVisibilityofErrorMessage(FirstCheckoutPage.java:93)\r\n\tat com.swagLabs.tests.FirstCheckoutTests.CheckoutWithInValidLastName_LessThan3Chars_Tc(FirstCheckoutTests.java:72)\r\n\tat java.base/jdk.internal.reflect.DirectMethodHandleAccessor.invoke(DirectMethodHandleAccessor.java:103)\r\n\tat java.base/java.lang.reflect.Method.invoke(Method.java:580)\r\n\tat org.testng.internal.invokers.MethodInvocationHelper.invokeMethod(MethodInvocationHelper.java:141)\r\n\tat org.testng.internal.invokers.TestInvoker.invokeMethod(TestInvoker.java:687)\r\n\tat org.testng.internal.invokers.TestInvoker.invokeTestMethod(TestInvoker.java:230)\r\n\tat org.testng.internal.invokers.MethodRunner.runInSequence(MethodRunner.java:63)\r\n\tat org.testng.internal.invokers.TestInvoker$MethodInvocationAgent.invoke(TestInvoker.java:995)\r\n\tat org.testng.internal.invokers.TestInvoker.invokeTestMethods(TestInvoker.java:203)\r\n\tat org.testng.internal.invokers.TestMethodWorker.invokeTestMethods(TestMethodWorker.java:154)\r\n\tat org.testng.internal.invokers.TestMethodWorker.run(TestMethodWorker.java:134)\r\n\tat java.base/java.util.ArrayList.forEach(ArrayList.java:1596)\r\n\tat org.testng.TestRunner.privateRun(TestRunner.java:741)\r\n\tat org.testng.TestRunner.run(TestRunner.java:616)\r\n\tat org.testng.SuiteRunner.runTest(SuiteRunner.java:421)\r\n\tat org.testng.SuiteRunner.runSequentially(SuiteRunner.java:413)\r\n\tat org.testng.SuiteRunner.privateRun(SuiteRunner.java:373)\r\n\tat org.testng.SuiteRunner.run(SuiteRunner.java:312)\r\n\tat org.testng.SuiteRunnerWorker.runSuite(SuiteRunnerWorker.java:52)\r\n\tat org.testng.SuiteRunnerWorker.run(SuiteRunnerWorker.java:95)\r\n\tat org.testng.TestNG.runSuitesSequentially(TestNG.java:1274)\r\n\tat org.testng.TestNG.runSuitesLocally(TestNG.java:1208)\r\n\tat org.testng.TestNG.runSuites(TestNG.java:1112)\r\n\tat org.testng.TestNG.run(TestNG.java:1079)\r\n\tat com.intellij.rt.testng.IDEARemoteTestNG.run(IDEARemoteTestNG.java:65)\r\n\tat com.intellij.rt.testng.RemoteTestNGStarter.main(RemoteTestNGStarter.java:105)\r\n","steps":[],"attachments":[],"parameters":[],"hasContent":true,"stepsCount":0,"attachmentStep":false,"attachmentsCount":0,"shouldDisplayMessage":true}],"attachments":[{"uid":"a15335ffd677b1ed","name":"failed-CheckoutWithInValidLastName_LessThan3Chars_Tc","source":"a15335ffd677b1edpng","type":"image/png","size":43092},{"uid":"ddebfe8c3c55170f","name":"logs.log","source":"ddebfe8c3c55170f.txt","type":"text/plain","size":89492}],"parameters":[],"hasContent":true,"stepsCount":5,"attachmentStep":false,"attachmentsCount":2,"shouldDisplayMessage":false},"afterStages":[{"name":"tearDown","time":{"start":1765470238889,"stop":1765470239009,"duration":120},"description":"","status":"passed","steps":[{"name":"Tearing down the driver","time":{"start":1765470238890,"stop":1765470239009,"duration":119},"status":"passed","steps":[],"attachments":[],"parameters":[],"hasContent":false,"stepsCount":0,"attachmentStep":false,"attachmentsCount":0,"shouldDisplayMessage":false}],"attachments":[],"parameters":[],"hasContent":true,"stepsCount":1,"attachmentStep":false,"attachmentsCount":0,"shouldDisplayMessage":false}],"labels":[{"name":"package","value":"com.swagLabs.tests.FirstCheckoutTests"},{"name":"testClass","value":"com.swagLabs.tests.FirstCheckoutTests"},{"name":"testMethod","value":"CheckoutWithInValidLastName_LessThan3Chars_Tc"},{"name":"parentSuite","value":"General Framework Suite"},{"name":"suite","value":"Invalid Scenarios"},{"name":"subSuite","value":"com.swagLabs.tests.FirstCheckoutTests"},{"name":"host","value":"DESKTOP-3HQ2C4U"},{"name":"thread","value":"17728@DESKTOP-3HQ2C4U.main(1)"},{"name":"framework","value":"testng"},{"name":"language","value":"java"},{"name":"feature","value":"UI User Management"},{"name":"owner","value":"Fatma Eltahan and Mahmoud Amir"},{"name":"epic","value":"Swag lab"},{"name":"story","value":"User Login"},{"name":"severity","value":"critical"},{"name":"resultFormat","value":"allure2"}],"parameters":[],"links":[],"hidden":false,"retry":false,"extra":{"severity":"critical","owner":"Fatma Eltahan and Mahmoud Amir","retries":[],"categories":[{"name":"Product defects","matchedStatuses":[]}],"history":{"statistic":{"failed":4,"broken":0,"skipped":1,"passed":0,"unknown":0,"total":5},"items":[{"uid":"aac2520dddd0a2a8","status":"failed","statusDetails":"error message should appear! This field Can`t be less than 3 characters or more Than 30 Characters","time":{"start":1765319826429,"stop":1765319826951,"duration":522}},{"uid":"6d985862660aa279","status":"failed","statusDetails":"error message should appear! This field Can`t be less than 3 characters or more Than 30 Characters","time":{"start":1765315214122,"stop":1765315214933,"duration":811}},{"uid":"929ac3f7d1a54f25","status":"skipped","statusDetails":"unknown error: net::ERR_NAME_NOT_RESOLVED\n  (Session info: MicrosoftEdge=143.0.3650.66)\nBuild info: version: '4.37.0', revision: '3c1da1e342'\nSystem info: os.name: 'Windows 10', os.arch: 'amd64', os.version: '10.0', java.version: '21.0.8'\nDriver info: org.openqa.selenium.edge.EdgeDriver\nCommand: [3209821e7a23d69bc0a54457ca434c16, get {url=https://www.saucedemo.com/}]\nCapabilities {acceptInsecureCerts: true, browserName: MicrosoftEdge, browserVersion: 143.0.3650.66, fedcm:accounts: true, goog:processID: 16048, ms:edgeOptions: {debuggerAddress: localhost:10232}, msedge: {msedgedriverVersion: 143.0.3650.66 (507b0dd34c3d..., userDataDir: C:\\Users\\Dell\\AppData\\Local...}, networkConnectionEnabled: false, pageLoadStrategy: eager, platformName: windows, proxy: Proxy(), se:cdp: ws://localhost:10232/devtoo..., se:cdpVersion: 143.0.3650.66, setWindowRect: true, strictFileInteractability: false, timeouts: {implicit: 0, pageLoad: 300000, script: 30000}, unhandledPromptBehavior: dismiss and notify, webauthn:extension:credBlob: true, webauthn:extension:largeBlob: true, webauthn:extension:minPinLength: true, webauthn:extension:prf: true, webauthn:virtualAuthenticators: true}\nSession ID: 3209821e7a23d69bc0a54457ca434c16","time":{"start":1765314948210,"stop":1765314948432,"duration":222}},{"uid":"5abdce5f6d177748","status":"failed","statusDetails":"error message should appear! This field Can`t be less than 3 characters or more Than 30 Characters","time":{"start":1765299569439,"stop":1765299569898,"duration":459}}]},"tags":[]},"source":"880d948024a6eb43.json","parameterValues":[]}