{"uid":"e2bf219c042b48d7","name":"resetAppStateTC","fullName":"com.swagLabs.tests.SideMenuTests.resetAppStateTC","historyId":"62bc79932af99aeae62c384ac95cff43","time":{"start":1765470209651,"stop":1765470210784,"duration":1133},"description":"Verify the user can reset state app by clicking on \"Reset App State\" in the side menu and remove button convert to add to cart button","descriptionHtml":"<p>Verify the user can reset state app by clicking on &quot;Reset App State&quot; in the side menu and remove button convert to add to cart button</p>\n","status":"failed","statusMessage":"Button did not reset to 'Add to cart' for product: Sauce Labs Backpack expected [Add to cart] but found [Remove]","statusTrace":"java.lang.AssertionError: Button did not reset to 'Add to cart' for product: Sauce Labs Backpack expected [Add to cart] but found [Remove]\r\n\tat org.testng.Assert.fail(Assert.java:111)\r\n\tat org.testng.Assert.failNotEquals(Assert.java:1590)\r\n\tat org.testng.Assert.assertEqualsImpl(Assert.java:150)\r\n\tat org.testng.Assert.assertEquals(Assert.java:132)\r\n\tat org.testng.Assert.assertEquals(Assert.java:656)\r\n\tat com.swagLabs.validations.Verification.assertEquals(Verification.java:27)\r\n\tat com.swagLabs.validations.BaseAssertion.Equals(BaseAssertion.java:34)\r\n\tat com.swagLabs.pages.componets.SideMenu.verifyRemoveButtonConvertToAddToCardButtonAfterResetAPPState(SideMenu.java:108)\r\n\tat com.swagLabs.tests.SideMenuTests.resetAppStateTC(SideMenuTests.java:64)\r\n\tat java.base/jdk.internal.reflect.DirectMethodHandleAccessor.invoke(DirectMethodHandleAccessor.java:103)\r\n\tat java.base/java.lang.reflect.Method.invoke(Method.java:580)\r\n\tat org.testng.internal.invokers.MethodInvocationHelper.invokeMethod(MethodInvocationHelper.java:141)\r\n\tat org.testng.internal.invokers.TestInvoker.invokeMethod(TestInvoker.java:687)\r\n\tat org.testng.internal.invokers.TestInvoker.invokeTestMethod(TestInvoker.java:230)\r\n\tat org.testng.internal.invokers.MethodRunner.runInSequence(MethodRunner.java:63)\r\n\tat org.testng.internal.invokers.TestInvoker$MethodInvocationAgent.invoke(TestInvoker.java:995)\r\n\tat org.testng.internal.invokers.TestInvoker.invokeTestMethods(TestInvoker.java:203)\r\n\tat org.testng.internal.invokers.TestMethodWorker.invokeTestMethods(TestMethodWorker.java:154)\r\n\tat org.testng.internal.invokers.TestMethodWorker.run(TestMethodWorker.java:134)\r\n\tat java.base/java.util.ArrayList.forEach(ArrayList.java:1596)\r\n\tat org.testng.TestRunner.privateRun(TestRunner.java:741)\r\n\tat org.testng.TestRunner.run(TestRunner.java:616)\r\n\tat org.testng.SuiteRunner.runTest(SuiteRunner.java:421)\r\n\tat org.testng.SuiteRunner.runSequentially(SuiteRunner.java:413)\r\n\tat org.testng.SuiteRunner.privateRun(SuiteRunner.java:373)\r\n\tat org.testng.SuiteRunner.run(SuiteRunner.java:312)\r\n\tat org.testng.SuiteRunnerWorker.runSuite(SuiteRunnerWorker.java:52)\r\n\tat org.testng.SuiteRunnerWorker.run(SuiteRunnerWorker.java:95)\r\n\tat org.testng.TestNG.runSuitesSequentially(TestNG.java:1274)\r\n\tat org.testng.TestNG.runSuitesLocally(TestNG.java:1208)\r\n\tat org.testng.TestNG.runSuites(TestNG.java:1112)\r\n\tat org.testng.TestNG.run(TestNG.java:1079)\r\n\tat com.intellij.rt.testng.IDEARemoteTestNG.run(IDEARemoteTestNG.java:65)\r\n\tat com.intellij.rt.testng.RemoteTestNGStarter.main(RemoteTestNGStarter.java:105)\r\n","flaky":false,"newFailed":false,"newBroken":false,"newPassed":false,"retriesCount":0,"retriesStatusChange":false,"beforeStages":[{"name":"preconditions","time":{"start":1765470202115,"stop":1765470204865,"duration":2750},"description":"","status":"passed","steps":[{"name":"Setting up preconditions and Load Test data","time":{"start":1765470202115,"stop":1765470204865,"duration":2750},"status":"passed","steps":[{"name":"Navigate to Login page","time":{"start":1765470203538,"stop":1765470204407,"duration":869},"status":"passed","steps":[],"attachments":[],"parameters":[],"hasContent":false,"stepsCount":0,"attachmentStep":false,"attachmentsCount":0,"shouldDisplayMessage":false},{"name":"Enter username","time":{"start":1765470204407,"stop":1765470204598,"duration":191},"status":"passed","steps":[],"attachments":[],"parameters":[{"name":"username","value":"standard_user"}],"hasContent":true,"stepsCount":0,"attachmentStep":false,"attachmentsCount":0,"shouldDisplayMessage":false},{"name":"Enter password","time":{"start":1765470204599,"stop":1765470204706,"duration":107},"status":"passed","steps":[],"attachments":[],"parameters":[{"name":"password","value":"secret_sauce"}],"hasContent":true,"stepsCount":0,"attachmentStep":false,"attachmentsCount":0,"shouldDisplayMessage":false},{"name":"Click on login button","time":{"start":1765470204706,"stop":1765470204865,"duration":159},"status":"passed","steps":[],"attachments":[],"parameters":[],"hasContent":false,"stepsCount":0,"attachmentStep":false,"attachmentsCount":0,"shouldDisplayMessage":false}],"attachments":[],"parameters":[],"hasContent":true,"stepsCount":4,"attachmentStep":false,"attachmentsCount":0,"shouldDisplayMessage":false}],"attachments":[],"parameters":[],"hasContent":true,"stepsCount":5,"attachmentStep":false,"attachmentsCount":0,"shouldDisplayMessage":false}],"testStage":{"description":"Verify the user can reset state app by clicking on \"Reset App State\" in the side menu and remove button convert to add to cart button","status":"failed","statusMessage":"Button did not reset to 'Add to cart' for product: Sauce Labs Backpack expected [Add to cart] but found [Remove]","statusTrace":"java.lang.AssertionError: Button did not reset to 'Add to cart' for product: Sauce Labs Backpack expected [Add to cart] but found [Remove]\r\n\tat org.testng.Assert.fail(Assert.java:111)\r\n\tat org.testng.Assert.failNotEquals(Assert.java:1590)\r\n\tat org.testng.Assert.assertEqualsImpl(Assert.java:150)\r\n\tat org.testng.Assert.assertEquals(Assert.java:132)\r\n\tat org.testng.Assert.assertEquals(Assert.java:656)\r\n\tat com.swagLabs.validations.Verification.assertEquals(Verification.java:27)\r\n\tat com.swagLabs.validations.BaseAssertion.Equals(BaseAssertion.java:34)\r\n\tat com.swagLabs.pages.componets.SideMenu.verifyRemoveButtonConvertToAddToCardButtonAfterResetAPPState(SideMenu.java:108)\r\n\tat com.swagLabs.tests.SideMenuTests.resetAppStateTC(SideMenuTests.java:64)\r\n\tat java.base/jdk.internal.reflect.DirectMethodHandleAccessor.invoke(DirectMethodHandleAccessor.java:103)\r\n\tat java.base/java.lang.reflect.Method.invoke(Method.java:580)\r\n\tat org.testng.internal.invokers.MethodInvocationHelper.invokeMethod(MethodInvocationHelper.java:141)\r\n\tat org.testng.internal.invokers.TestInvoker.invokeMethod(TestInvoker.java:687)\r\n\tat org.testng.internal.invokers.TestInvoker.invokeTestMethod(TestInvoker.java:230)\r\n\tat org.testng.internal.invokers.MethodRunner.runInSequence(MethodRunner.java:63)\r\n\tat org.testng.internal.invokers.TestInvoker$MethodInvocationAgent.invoke(TestInvoker.java:995)\r\n\tat org.testng.internal.invokers.TestInvoker.invokeTestMethods(TestInvoker.java:203)\r\n\tat org.testng.internal.invokers.TestMethodWorker.invokeTestMethods(TestMethodWorker.java:154)\r\n\tat org.testng.internal.invokers.TestMethodWorker.run(TestMethodWorker.java:134)\r\n\tat java.base/java.util.ArrayList.forEach(ArrayList.java:1596)\r\n\tat org.testng.TestRunner.privateRun(TestRunner.java:741)\r\n\tat org.testng.TestRunner.run(TestRunner.java:616)\r\n\tat org.testng.SuiteRunner.runTest(SuiteRunner.java:421)\r\n\tat org.testng.SuiteRunner.runSequentially(SuiteRunner.java:413)\r\n\tat org.testng.SuiteRunner.privateRun(SuiteRunner.java:373)\r\n\tat org.testng.SuiteRunner.run(SuiteRunner.java:312)\r\n\tat org.testng.SuiteRunnerWorker.runSuite(SuiteRunnerWorker.java:52)\r\n\tat org.testng.SuiteRunnerWorker.run(SuiteRunnerWorker.java:95)\r\n\tat org.testng.TestNG.runSuitesSequentially(TestNG.java:1274)\r\n\tat org.testng.TestNG.runSuitesLocally(TestNG.java:1208)\r\n\tat org.testng.TestNG.runSuites(TestNG.java:1112)\r\n\tat org.testng.TestNG.run(TestNG.java:1079)\r\n\tat com.intellij.rt.testng.IDEARemoteTestNG.run(IDEARemoteTestNG.java:65)\r\n\tat com.intellij.rt.testng.RemoteTestNGStarter.main(RemoteTestNGStarter.java:105)\r\n","steps":[{"name":"Click on add to cart button for product: Sauce Labs Backpack","time":{"start":1765470209652,"stop":1765470209759,"duration":107},"status":"passed","steps":[],"attachments":[],"parameters":[{"name":"productName","value":"Sauce Labs Backpack"}],"hasContent":true,"stepsCount":0,"attachmentStep":false,"attachmentsCount":0,"shouldDisplayMessage":false},{"name":"Click on add to cart button for product: Sauce Labs Fleece Jacket","time":{"start":1765470209759,"stop":1765470209840,"duration":81},"status":"passed","steps":[],"attachments":[],"parameters":[{"name":"productName","value":"Sauce Labs Fleece Jacket"}],"hasContent":true,"stepsCount":0,"attachmentStep":false,"attachmentsCount":0,"shouldDisplayMessage":false},{"name":"Open side menu","time":{"start":1765470209840,"stop":1765470209919,"duration":79},"status":"passed","steps":[],"attachments":[],"parameters":[],"hasContent":false,"stepsCount":0,"attachmentStep":false,"attachmentsCount":0,"shouldDisplayMessage":false},{"name":"Click on Rest App State Link","time":{"start":1765470209919,"stop":1765470210306,"duration":387},"status":"passed","steps":[],"attachments":[],"parameters":[],"hasContent":false,"stepsCount":0,"attachmentStep":false,"attachmentsCount":0,"shouldDisplayMessage":false},{"name":"Verify remove button convert to Add to cart button after resetting app state","time":{"start":1765470210306,"stop":1765470210352,"duration":46},"status":"failed","statusMessage":"Button did not reset to 'Add to cart' for product: Sauce Labs Backpack expected [Add to cart] but found [Remove]","statusTrace":"java.lang.AssertionError: Button did not reset to 'Add to cart' for product: Sauce Labs Backpack expected [Add to cart] but found [Remove]\r\n\tat org.testng.Assert.fail(Assert.java:111)\r\n\tat org.testng.Assert.failNotEquals(Assert.java:1590)\r\n\tat org.testng.Assert.assertEqualsImpl(Assert.java:150)\r\n\tat org.testng.Assert.assertEquals(Assert.java:132)\r\n\tat org.testng.Assert.assertEquals(Assert.java:656)\r\n\tat com.swagLabs.validations.Verification.assertEquals(Verification.java:27)\r\n\tat com.swagLabs.validations.BaseAssertion.Equals(BaseAssertion.java:34)\r\n\tat com.swagLabs.pages.componets.SideMenu.verifyRemoveButtonConvertToAddToCardButtonAfterResetAPPState(SideMenu.java:108)\r\n\tat com.swagLabs.tests.SideMenuTests.resetAppStateTC(SideMenuTests.java:64)\r\n\tat java.base/jdk.internal.reflect.DirectMethodHandleAccessor.invoke(DirectMethodHandleAccessor.java:103)\r\n\tat java.base/java.lang.reflect.Method.invoke(Method.java:580)\r\n\tat org.testng.internal.invokers.MethodInvocationHelper.invokeMethod(MethodInvocationHelper.java:141)\r\n\tat org.testng.internal.invokers.TestInvoker.invokeMethod(TestInvoker.java:687)\r\n\tat org.testng.internal.invokers.TestInvoker.invokeTestMethod(TestInvoker.java:230)\r\n\tat org.testng.internal.invokers.MethodRunner.runInSequence(MethodRunner.java:63)\r\n\tat org.testng.internal.invokers.TestInvoker$MethodInvocationAgent.invoke(TestInvoker.java:995)\r\n\tat org.testng.internal.invokers.TestInvoker.invokeTestMethods(TestInvoker.java:203)\r\n\tat org.testng.internal.invokers.TestMethodWorker.invokeTestMethods(TestMethodWorker.java:154)\r\n\tat org.testng.internal.invokers.TestMethodWorker.run(TestMethodWorker.java:134)\r\n\tat java.base/java.util.ArrayList.forEach(ArrayList.java:1596)\r\n\tat org.testng.TestRunner.privateRun(TestRunner.java:741)\r\n\tat org.testng.TestRunner.run(TestRunner.java:616)\r\n\tat org.testng.SuiteRunner.runTest(SuiteRunner.java:421)\r\n\tat org.testng.SuiteRunner.runSequentially(SuiteRunner.java:413)\r\n\tat org.testng.SuiteRunner.privateRun(SuiteRunner.java:373)\r\n\tat org.testng.SuiteRunner.run(SuiteRunner.java:312)\r\n\tat org.testng.SuiteRunnerWorker.runSuite(SuiteRunnerWorker.java:52)\r\n\tat org.testng.SuiteRunnerWorker.run(SuiteRunnerWorker.java:95)\r\n\tat org.testng.TestNG.runSuitesSequentially(TestNG.java:1274)\r\n\tat org.testng.TestNG.runSuitesLocally(TestNG.java:1208)\r\n\tat org.testng.TestNG.runSuites(TestNG.java:1112)\r\n\tat org.testng.TestNG.run(TestNG.java:1079)\r\n\tat com.intellij.rt.testng.IDEARemoteTestNG.run(IDEARemoteTestNG.java:65)\r\n\tat com.intellij.rt.testng.RemoteTestNGStarter.main(RemoteTestNGStarter.java:105)\r\n","steps":[],"attachments":[],"parameters":[{"name":"productNames","value":"[Sauce Labs Backpack, Sauce Labs Fleece Jacket]"}],"hasContent":true,"stepsCount":0,"attachmentStep":false,"attachmentsCount":0,"shouldDisplayMessage":true}],"attachments":[{"uid":"c1b0be4aca0b626","name":"failed-resetAppStateTC","source":"c1b0be4aca0b626png","type":"image/png","size":34945},{"uid":"64eb4e8b1ec59d7","name":"logs.log","source":"64eb4e8b1ec59d7.txt","type":"text/plain","size":61033}],"parameters":[],"hasContent":true,"stepsCount":5,"attachmentStep":false,"attachmentsCount":2,"shouldDisplayMessage":false},"afterStages":[{"name":"afterSpecificTest","time":{"start":1765470210855,"stop":1765470210855,"duration":0},"description":"","status":"passed","steps":[{"name":"Re-login after logout test","time":{"start":1765470210855,"stop":1765470210855,"duration":0},"status":"passed","steps":[],"attachments":[],"parameters":[{"name":"result","value":"[TestResult name=resetAppStateTC status=FAILURE method=SideMenuTests.resetAppStateTC()[pri:0, instance:com.swagLabs.tests.SideMenuTests@6481dce5] output={null}]"}],"hasContent":true,"stepsCount":0,"attachmentStep":false,"attachmentsCount":0,"shouldDisplayMessage":false}],"attachments":[],"parameters":[],"hasContent":true,"stepsCount":1,"attachmentStep":false,"attachmentsCount":0,"shouldDisplayMessage":false},{"name":"tearDown","time":{"start":1765470210857,"stop":1765470211089,"duration":232},"description":"","status":"passed","steps":[{"name":"Tearing down the driver","time":{"start":1765470210857,"stop":1765470211089,"duration":232},"status":"passed","steps":[],"attachments":[],"parameters":[],"hasContent":false,"stepsCount":0,"attachmentStep":false,"attachmentsCount":0,"shouldDisplayMessage":false}],"attachments":[],"parameters":[],"hasContent":true,"stepsCount":1,"attachmentStep":false,"attachmentsCount":0,"shouldDisplayMessage":false}],"labels":[{"name":"package","value":"com.swagLabs.tests.SideMenuTests"},{"name":"testClass","value":"com.swagLabs.tests.SideMenuTests"},{"name":"testMethod","value":"resetAppStateTC"},{"name":"parentSuite","value":"General Framework Suite"},{"name":"suite","value":"Valid Scenarios"},{"name":"subSuite","value":"com.swagLabs.tests.SideMenuTests"},{"name":"host","value":"DESKTOP-3HQ2C4U"},{"name":"thread","value":"17728@DESKTOP-3HQ2C4U.main(1)"},{"name":"framework","value":"testng"},{"name":"language","value":"java"},{"name":"story","value":"products Page Tests"},{"name":"owner","value":"Fatma Eltahan and Mahmoud Amir"},{"name":"epic","value":"Swag lab"},{"name":"feature","value":"UI products  Management"},{"name":"severity","value":"critical"},{"name":"resultFormat","value":"allure2"}],"parameters":[],"links":[],"hidden":false,"retry":false,"extra":{"severity":"critical","owner":"Fatma Eltahan and Mahmoud Amir","retries":[],"categories":[{"name":"Product defects","matchedStatuses":[]}],"history":{"statistic":{"failed":7,"broken":6,"skipped":1,"passed":0,"unknown":0,"total":14},"items":[{"uid":"ebe7c924a3b55b8c","status":"failed","statusDetails":"Button did not reset to 'Add to cart' for product: Sauce Labs Backpack expected [Add to cart] but found [Remove]","time":{"start":1765319801441,"stop":1765319802127,"duration":686}},{"uid":"7521e22321824f4e","status":"failed","statusDetails":"Button did not reset to 'Add to cart' for product: Sauce Labs Backpack expected [Add to cart] but found [Remove]","time":{"start":1765315177749,"stop":1765315178517,"duration":768}},{"uid":"de774720f5a1fcf3","status":"skipped","statusDetails":"unknown error: net::ERR_NAME_NOT_RESOLVED\n  (Session info: MicrosoftEdge=143.0.3650.66)\nBuild info: version: '4.37.0', revision: '3c1da1e342'\nSystem info: os.name: 'Windows 10', os.arch: 'amd64', os.version: '10.0', java.version: '21.0.8'\nDriver info: org.openqa.selenium.edge.EdgeDriver\nCommand: [0254bc9dbf1077163b651d076f6be873, get {url=https://www.saucedemo.com/}]\nCapabilities {acceptInsecureCerts: true, browserName: MicrosoftEdge, browserVersion: 143.0.3650.66, fedcm:accounts: true, goog:processID: 9224, ms:edgeOptions: {debuggerAddress: localhost:10227}, msedge: {msedgedriverVersion: 143.0.3650.66 (507b0dd34c3d..., userDataDir: C:\\Users\\Dell\\AppData\\Local...}, networkConnectionEnabled: false, pageLoadStrategy: eager, platformName: windows, proxy: Proxy(), se:cdp: ws://localhost:10227/devtoo..., se:cdpVersion: 143.0.3650.66, setWindowRect: true, strictFileInteractability: false, timeouts: {implicit: 0, pageLoad: 300000, script: 30000}, unhandledPromptBehavior: dismiss and notify, webauthn:extension:credBlob: true, webauthn:extension:largeBlob: true, webauthn:extension:minPinLength: true, webauthn:extension:prf: true, webauthn:virtualAuthenticators: true}\nSession ID: 0254bc9dbf1077163b651d076f6be873","time":{"start":1765314854751,"stop":1765314854853,"duration":102}},{"uid":"1f896c89b7d1fd30","status":"failed","statusDetails":"Button did not reset to 'Add to cart' for product: Sauce Labs Backpack expected [Add to cart] but found [Remove]","time":{"start":1765310393017,"stop":1765310394096,"duration":1079}},{"uid":"31c5d0da1f537ae7","status":"failed","statusDetails":"Button did not reset to 'Add to cart' for product: Sauce Labs Backpack expected [Add to cart] but found [Remove]","time":{"start":1765309584654,"stop":1765309585794,"duration":1140}},{"uid":"1fbb936d4264413a","status":"failed","statusDetails":"Button did not reset to 'Add to cart' for product: Sauce Labs Backpack expected [Add to cart] but found [Remove]","time":{"start":1765308617447,"stop":1765308618192,"duration":745}},{"uid":"158ccd61c2bfce12","status":"failed","statusDetails":"Button did not reset to 'Add to cart' for product: Sauce Labs Backpack expected [Add to cart] but found [Remove]","time":{"start":1765302262804,"stop":1765302263782,"duration":978}},{"uid":"a289d66f5bd70078","status":"broken","statusDetails":"Expected condition failed: waiting for com.swagLabs.utils.actions.ElementActions$$Lambda/0x0000023d814be1a8@328bc067 (tried for 15 second(s) with 100 milliseconds interval)\nBuild info: version: '4.37.0', revision: '3c1da1e342'\nSystem info: os.name: 'Windows 10', os.arch: 'amd64', os.version: '10.0', java.version: '21.0.8'\nDriver info: driver.version: unknown","time":{"start":1765302079525,"stop":1765302095182,"duration":15657}},{"uid":"bc74b13012979cf6","status":"broken","statusDetails":"Expected condition failed: waiting for com.swagLabs.utils.actions.ElementActions$$Lambda/0x0000014fb04b6838@b386a17 (tried for 15 second(s) with 100 milliseconds interval)\nBuild info: version: '4.37.0', revision: '3c1da1e342'\nSystem info: os.name: 'Windows 10', os.arch: 'amd64', os.version: '10.0', java.version: '21.0.8'\nDriver info: driver.version: unknown","time":{"start":1765301274100,"stop":1765301289802,"duration":15702}},{"uid":"f15767df63cfb199","status":"broken","statusDetails":"Cannot invoke \"com.swagLabs.utils.dataReader.JsonReader.getJsonData(String)\" because \"this.products_data\" is null","time":{"start":1765300844686,"stop":1765300844849,"duration":163}},{"uid":"c57864f10757a74e","status":"broken","statusDetails":"Cannot invoke \"com.swagLabs.utils.dataReader.JsonReader.getJsonData(String)\" because \"this.products_data\" is null","time":{"start":1765300605675,"stop":1765300605789,"duration":114}},{"uid":"f5ab6aac917b32d","status":"broken","statusDetails":"Expected condition failed: waiting for com.swagLabs.utils.actions.ElementActions$$Lambda/0x0000029ac74ca4a0@2552181d (tried for 15 second(s) with 100 milliseconds interval)\nBuild info: version: '4.37.0', revision: '3c1da1e342'\nSystem info: os.name: 'Windows 10', os.arch: 'amd64', os.version: '10.0', java.version: '21.0.8'\nDriver info: driver.version: unknown","time":{"start":1765300346671,"stop":1765300362500,"duration":15829}},{"uid":"f35b8d11b09a610c","status":"broken","statusDetails":"Expected condition failed: waiting for com.swagLabs.utils.actions.ElementActions$$Lambda/0x000001bc904c6848@64829470 (tried for 15 second(s) with 100 milliseconds interval)\nBuild info: version: '4.37.0', revision: '3c1da1e342'\nSystem info: os.name: 'Windows 10', os.arch: 'amd64', os.version: '10.0', java.version: '21.0.8'\nDriver info: driver.version: unknown","time":{"start":1764028448093,"stop":1764028464264,"duration":16171}}]},"tags":[]},"source":"e2bf219c042b48d7.json","parameterValues":[]}