{"uuid":"78e0f181-0f15-4066-ad4e-58f4c63946a0","historyId":"65befae067329ffc6484e00cede50e5","fullName":"com.swagLabs.tests.FirstCheckoutTests.CheckoutWithInvalidLastName_Exceeds30Chars_TC","labels":[{"name":"package","value":"com.swagLabs.tests.FirstCheckoutTests"},{"name":"testClass","value":"com.swagLabs.tests.FirstCheckoutTests"},{"name":"testMethod","value":"CheckoutWithInvalidLastName_Exceeds30Chars_TC"},{"name":"parentSuite","value":"General Framework Suite"},{"name":"suite","value":"Invalid Scenarios"},{"name":"subSuite","value":"com.swagLabs.tests.FirstCheckoutTests"},{"name":"host","value":"DESKTOP-3HQ2C4U"},{"name":"thread","value":"17728@DESKTOP-3HQ2C4U.main(1)"},{"name":"framework","value":"testng"},{"name":"language","value":"java"},{"name":"feature","value":"UI User Management"},{"name":"owner","value":"Fatma Eltahan and Mahmoud Amir"},{"name":"epic","value":"Swag lab"},{"name":"story","value":"User Login"},{"name":"severity","value":"critical"}],"links":[],"name":"CheckoutWithInvalidLastName_Exceeds30Chars_TC","status":"failed","statusDetails":{"known":false,"muted":false,"flaky":false,"message":"error message should appear! This field Can`t be less than 3 characters or more Than 30 Characters","trace":"java.lang.AssertionError: error message should appear! This field Can`t be less than 3 characters or more Than 30 Characters\r\n\tat org.testng.Assert.fail(Assert.java:111)\r\n\tat com.swagLabs.pages.FirstCheckoutPage.VerifyTheVisibilityofErrorMessage(FirstCheckoutPage.java:93)\r\n\tat com.swagLabs.tests.FirstCheckoutTests.CheckoutWithInvalidLastName_Exceeds30Chars_TC(FirstCheckoutTests.java:83)\r\n\tat java.base/jdk.internal.reflect.DirectMethodHandleAccessor.invoke(DirectMethodHandleAccessor.java:103)\r\n\tat java.base/java.lang.reflect.Method.invoke(Method.java:580)\r\n\tat org.testng.internal.invokers.MethodInvocationHelper.invokeMethod(MethodInvocationHelper.java:141)\r\n\tat org.testng.internal.invokers.TestInvoker.invokeMethod(TestInvoker.java:687)\r\n\tat org.testng.internal.invokers.TestInvoker.invokeTestMethod(TestInvoker.java:230)\r\n\tat org.testng.internal.invokers.MethodRunner.runInSequence(MethodRunner.java:63)\r\n\tat org.testng.internal.invokers.TestInvoker$MethodInvocationAgent.invoke(TestInvoker.java:995)\r\n\tat org.testng.internal.invokers.TestInvoker.invokeTestMethods(TestInvoker.java:203)\r\n\tat org.testng.internal.invokers.TestMethodWorker.invokeTestMethods(TestMethodWorker.java:154)\r\n\tat org.testng.internal.invokers.TestMethodWorker.run(TestMethodWorker.java:134)\r\n\tat java.base/java.util.ArrayList.forEach(ArrayList.java:1596)\r\n\tat org.testng.TestRunner.privateRun(TestRunner.java:741)\r\n\tat org.testng.TestRunner.run(TestRunner.java:616)\r\n\tat org.testng.SuiteRunner.runTest(SuiteRunner.java:421)\r\n\tat org.testng.SuiteRunner.runSequentially(SuiteRunner.java:413)\r\n\tat org.testng.SuiteRunner.privateRun(SuiteRunner.java:373)\r\n\tat org.testng.SuiteRunner.run(SuiteRunner.java:312)\r\n\tat org.testng.SuiteRunnerWorker.runSuite(SuiteRunnerWorker.java:52)\r\n\tat org.testng.SuiteRunnerWorker.run(SuiteRunnerWorker.java:95)\r\n\tat org.testng.TestNG.runSuitesSequentially(TestNG.java:1274)\r\n\tat org.testng.TestNG.runSuitesLocally(TestNG.java:1208)\r\n\tat org.testng.TestNG.runSuites(TestNG.java:1112)\r\n\tat org.testng.TestNG.run(TestNG.java:1079)\r\n\tat com.intellij.rt.testng.IDEARemoteTestNG.run(IDEARemoteTestNG.java:65)\r\n\tat com.intellij.rt.testng.RemoteTestNGStarter.main(RemoteTestNGStarter.java:105)\r\n"},"stage":"finished","description":"Verify Checkout with Last Name Exceeds 30 Characters with valid other data","steps":[{"name":"Enter First Name","status":"passed","stage":"finished","steps":[],"attachments":[],"parameters":[{"name":"firstname","value":"abcde"}],"start":1765470244696,"stop":1765470244803},{"name":"Enter Last Name","status":"passed","stage":"finished","steps":[],"attachments":[],"parameters":[{"name":"lastname","value":"mmmmmmmmmmmmmmmmmmmmmmmmmmmmmmmm"}],"start":1765470244803,"stop":1765470244951},{"name":"Enter Zip/Postal code","status":"passed","stage":"finished","steps":[],"attachments":[],"parameters":[{"name":"postalcode","value":"123456"}],"start":1765470244951,"stop":1765470245064},{"name":"Click on Continue Button","status":"passed","stage":"finished","steps":[],"attachments":[],"parameters":[],"start":1765470245064,"stop":1765470245173},{"name":"Verify error message is visible","status":"failed","statusDetails":{"known":false,"muted":false,"flaky":false,"message":"error message should appear! This field Can`t be less than 3 characters or more Than 30 Characters","trace":"java.lang.AssertionError: error message should appear! This field Can`t be less than 3 characters or more Than 30 Characters\r\n\tat org.testng.Assert.fail(Assert.java:111)\r\n\tat com.swagLabs.pages.FirstCheckoutPage.VerifyTheVisibilityofErrorMessage(FirstCheckoutPage.java:93)\r\n\tat com.swagLabs.tests.FirstCheckoutTests.CheckoutWithInvalidLastName_Exceeds30Chars_TC(FirstCheckoutTests.java:83)\r\n\tat java.base/jdk.internal.reflect.DirectMethodHandleAccessor.invoke(DirectMethodHandleAccessor.java:103)\r\n\tat java.base/java.lang.reflect.Method.invoke(Method.java:580)\r\n\tat org.testng.internal.invokers.MethodInvocationHelper.invokeMethod(MethodInvocationHelper.java:141)\r\n\tat org.testng.internal.invokers.TestInvoker.invokeMethod(TestInvoker.java:687)\r\n\tat org.testng.internal.invokers.TestInvoker.invokeTestMethod(TestInvoker.java:230)\r\n\tat org.testng.internal.invokers.MethodRunner.runInSequence(MethodRunner.java:63)\r\n\tat org.testng.internal.invokers.TestInvoker$MethodInvocationAgent.invoke(TestInvoker.java:995)\r\n\tat org.testng.internal.invokers.TestInvoker.invokeTestMethods(TestInvoker.java:203)\r\n\tat org.testng.internal.invokers.TestMethodWorker.invokeTestMethods(TestMethodWorker.java:154)\r\n\tat org.testng.internal.invokers.TestMethodWorker.run(TestMethodWorker.java:134)\r\n\tat java.base/java.util.ArrayList.forEach(ArrayList.java:1596)\r\n\tat org.testng.TestRunner.privateRun(TestRunner.java:741)\r\n\tat org.testng.TestRunner.run(TestRunner.java:616)\r\n\tat org.testng.SuiteRunner.runTest(SuiteRunner.java:421)\r\n\tat org.testng.SuiteRunner.runSequentially(SuiteRunner.java:413)\r\n\tat org.testng.SuiteRunner.privateRun(SuiteRunner.java:373)\r\n\tat org.testng.SuiteRunner.run(SuiteRunner.java:312)\r\n\tat org.testng.SuiteRunnerWorker.runSuite(SuiteRunnerWorker.java:52)\r\n\tat org.testng.SuiteRunnerWorker.run(SuiteRunnerWorker.java:95)\r\n\tat org.testng.TestNG.runSuitesSequentially(TestNG.java:1274)\r\n\tat org.testng.TestNG.runSuitesLocally(TestNG.java:1208)\r\n\tat org.testng.TestNG.runSuites(TestNG.java:1112)\r\n\tat org.testng.TestNG.run(TestNG.java:1079)\r\n\tat com.intellij.rt.testng.IDEARemoteTestNG.run(IDEARemoteTestNG.java:65)\r\n\tat com.intellij.rt.testng.RemoteTestNGStarter.main(RemoteTestNGStarter.java:105)\r\n"},"stage":"finished","steps":[],"attachments":[],"parameters":[],"start":1765470245173,"stop":1765470245184}],"attachments":[{"name":"failed-CheckoutWithInvalidLastName_Exceeds30Chars_TC","source":"ed82ba99-3cc4-4617-ba5b-428dfdfb2df8-attachment"},{"name":"logs.log","source":"49d4da34-72eb-402d-a0c1-255baf6f9d5a-attachment.txt","type":"text/plain"}],"parameters":[],"start":1765470244695,"stop":1765470245304}