{"uuid":"7985989f-7c24-40bb-9700-fa75220790a3","historyId":"879e9ce849d999a7f4332ddab51fb0a3","fullName":"com.swagLabs.tests.FirstCheckoutTests.CheckoutWithInValidLastName_LessThan3Chars_Tc","labels":[{"name":"package","value":"com.swagLabs.tests.FirstCheckoutTests"},{"name":"testClass","value":"com.swagLabs.tests.FirstCheckoutTests"},{"name":"testMethod","value":"CheckoutWithInValidLastName_LessThan3Chars_Tc"},{"name":"parentSuite","value":"General Framework Suite"},{"name":"suite","value":"Invalid Scenarios"},{"name":"subSuite","value":"com.swagLabs.tests.FirstCheckoutTests"},{"name":"host","value":"DESKTOP-3HQ2C4U"},{"name":"thread","value":"17728@DESKTOP-3HQ2C4U.main(1)"},{"name":"framework","value":"testng"},{"name":"language","value":"java"},{"name":"feature","value":"UI User Management"},{"name":"owner","value":"Fatma Eltahan and Mahmoud Amir"},{"name":"epic","value":"Swag lab"},{"name":"story","value":"User Login"},{"name":"severity","value":"critical"}],"links":[],"name":"CheckoutWithInValidLastName_LessThan3Chars_Tc","status":"failed","statusDetails":{"known":false,"muted":false,"flaky":false,"message":"error message should appear! This field Can`t be less than 3 characters or more Than 30 Characters","trace":"java.lang.AssertionError: error message should appear! This field Can`t be less than 3 characters or more Than 30 Characters\r\n\tat org.testng.Assert.fail(Assert.java:111)\r\n\tat com.swagLabs.pages.FirstCheckoutPage.VerifyTheVisibilityofErrorMessage(FirstCheckoutPage.java:93)\r\n\tat com.swagLabs.tests.FirstCheckoutTests.CheckoutWithInValidLastName_LessThan3Chars_Tc(FirstCheckoutTests.java:72)\r\n\tat java.base/jdk.internal.reflect.DirectMethodHandleAccessor.invoke(DirectMethodHandleAccessor.java:103)\r\n\tat java.base/java.lang.reflect.Method.invoke(Method.java:580)\r\n\tat org.testng.internal.invokers.MethodInvocationHelper.invokeMethod(MethodInvocationHelper.java:141)\r\n\tat org.testng.internal.invokers.TestInvoker.invokeMethod(TestInvoker.java:687)\r\n\tat org.testng.internal.invokers.TestInvoker.invokeTestMethod(TestInvoker.java:230)\r\n\tat org.testng.internal.invokers.MethodRunner.runInSequence(MethodRunner.java:63)\r\n\tat org.testng.internal.invokers.TestInvoker$MethodInvocationAgent.invoke(TestInvoker.java:995)\r\n\tat org.testng.internal.invokers.TestInvoker.invokeTestMethods(TestInvoker.java:203)\r\n\tat org.testng.internal.invokers.TestMethodWorker.invokeTestMethods(TestMethodWorker.java:154)\r\n\tat org.testng.internal.invokers.TestMethodWorker.run(TestMethodWorker.java:134)\r\n\tat java.base/java.util.ArrayList.forEach(ArrayList.java:1596)\r\n\tat org.testng.TestRunner.privateRun(TestRunner.java:741)\r\n\tat org.testng.TestRunner.run(TestRunner.java:616)\r\n\tat org.testng.SuiteRunner.runTest(SuiteRunner.java:421)\r\n\tat org.testng.SuiteRunner.runSequentially(SuiteRunner.java:413)\r\n\tat org.testng.SuiteRunner.privateRun(SuiteRunner.java:373)\r\n\tat org.testng.SuiteRunner.run(SuiteRunner.java:312)\r\n\tat org.testng.SuiteRunnerWorker.runSuite(SuiteRunnerWorker.java:52)\r\n\tat org.testng.SuiteRunnerWorker.run(SuiteRunnerWorker.java:95)\r\n\tat org.testng.TestNG.runSuitesSequentially(TestNG.java:1274)\r\n\tat org.testng.TestNG.runSuitesLocally(TestNG.java:1208)\r\n\tat org.testng.TestNG.runSuites(TestNG.java:1112)\r\n\tat org.testng.TestNG.run(TestNG.java:1079)\r\n\tat com.intellij.rt.testng.IDEARemoteTestNG.run(IDEARemoteTestNG.java:65)\r\n\tat com.intellij.rt.testng.RemoteTestNGStarter.main(RemoteTestNGStarter.java:105)\r\n"},"stage":"finished","description":"Verify Checkout with Last Name Less Than 3 Characters with valid other data","steps":[{"name":"Enter First Name","status":"passed","stage":"finished","steps":[],"attachments":[],"parameters":[{"name":"firstname","value":"abcde"}],"start":1765470238288,"stop":1765470238405},{"name":"Enter Last Name","status":"passed","stage":"finished","steps":[],"attachments":[],"parameters":[{"name":"lastname","value":"n"}],"start":1765470238406,"stop":1765470238491},{"name":"Enter Zip/Postal code","status":"passed","stage":"finished","steps":[],"attachments":[],"parameters":[{"name":"postalcode","value":"123456"}],"start":1765470238492,"stop":1765470238609},{"name":"Click on Continue Button","status":"passed","stage":"finished","steps":[],"attachments":[],"parameters":[],"start":1765470238610,"stop":1765470238720},{"name":"Verify error message is visible","status":"failed","statusDetails":{"known":false,"muted":false,"flaky":false,"message":"error message should appear! This field Can`t be less than 3 characters or more Than 30 Characters","trace":"java.lang.AssertionError: error message should appear! This field Can`t be less than 3 characters or more Than 30 Characters\r\n\tat org.testng.Assert.fail(Assert.java:111)\r\n\tat com.swagLabs.pages.FirstCheckoutPage.VerifyTheVisibilityofErrorMessage(FirstCheckoutPage.java:93)\r\n\tat com.swagLabs.tests.FirstCheckoutTests.CheckoutWithInValidLastName_LessThan3Chars_Tc(FirstCheckoutTests.java:72)\r\n\tat java.base/jdk.internal.reflect.DirectMethodHandleAccessor.invoke(DirectMethodHandleAccessor.java:103)\r\n\tat java.base/java.lang.reflect.Method.invoke(Method.java:580)\r\n\tat org.testng.internal.invokers.MethodInvocationHelper.invokeMethod(MethodInvocationHelper.java:141)\r\n\tat org.testng.internal.invokers.TestInvoker.invokeMethod(TestInvoker.java:687)\r\n\tat org.testng.internal.invokers.TestInvoker.invokeTestMethod(TestInvoker.java:230)\r\n\tat org.testng.internal.invokers.MethodRunner.runInSequence(MethodRunner.java:63)\r\n\tat org.testng.internal.invokers.TestInvoker$MethodInvocationAgent.invoke(TestInvoker.java:995)\r\n\tat org.testng.internal.invokers.TestInvoker.invokeTestMethods(TestInvoker.java:203)\r\n\tat org.testng.internal.invokers.TestMethodWorker.invokeTestMethods(TestMethodWorker.java:154)\r\n\tat org.testng.internal.invokers.TestMethodWorker.run(TestMethodWorker.java:134)\r\n\tat java.base/java.util.ArrayList.forEach(ArrayList.java:1596)\r\n\tat org.testng.TestRunner.privateRun(TestRunner.java:741)\r\n\tat org.testng.TestRunner.run(TestRunner.java:616)\r\n\tat org.testng.SuiteRunner.runTest(SuiteRunner.java:421)\r\n\tat org.testng.SuiteRunner.runSequentially(SuiteRunner.java:413)\r\n\tat org.testng.SuiteRunner.privateRun(SuiteRunner.java:373)\r\n\tat org.testng.SuiteRunner.run(SuiteRunner.java:312)\r\n\tat org.testng.SuiteRunnerWorker.runSuite(SuiteRunnerWorker.java:52)\r\n\tat org.testng.SuiteRunnerWorker.run(SuiteRunnerWorker.java:95)\r\n\tat org.testng.TestNG.runSuitesSequentially(TestNG.java:1274)\r\n\tat org.testng.TestNG.runSuitesLocally(TestNG.java:1208)\r\n\tat org.testng.TestNG.runSuites(TestNG.java:1112)\r\n\tat org.testng.TestNG.run(TestNG.java:1079)\r\n\tat com.intellij.rt.testng.IDEARemoteTestNG.run(IDEARemoteTestNG.java:65)\r\n\tat com.intellij.rt.testng.RemoteTestNGStarter.main(RemoteTestNGStarter.java:105)\r\n"},"stage":"finished","steps":[],"attachments":[],"parameters":[],"start":1765470238720,"stop":1765470238731}],"attachments":[{"name":"failed-CheckoutWithInValidLastName_LessThan3Chars_Tc","source":"0160d1d5-d590-4436-95cf-53066a68f5af-attachment"},{"name":"logs.log","source":"1b0fe279-5b50-4283-9887-69529a27dea8-attachment.txt","type":"text/plain"}],"parameters":[],"start":1765470238288,"stop":1765470238838}